<?xml version="1.0" encoding="UTF-8"?>
<!-- Generated by org.testng.reporters.JUnitReportReporter -->
<testsuite skipped="0" hostname="kmohd-lp" name="oppoApplication.Automation_App" tests="1" failures="0" timestamp="18 Jan 2019 13:10:43 GMT" time="0.004" errors="0">
  <testcase name="perform" time="0.004" classname="oppoApplication.Automation_App"/>
</testsuite> <!-- oppoApplication.Automation_App -->
