<?xml version="1.0" encoding="UTF-8"?>
<!-- Generated by org.testng.reporters.JUnitReportReporter -->
<testsuite skipped="0" hostname="kmohd-lp" name="tryanalyzer.Test002" tests="2" failures="0" timestamp="24 Dec 2018 08:47:36 GMT" time="0.008" errors="0">
  <testcase name="Test2" time="0.001" classname="tryanalyzer.Test002"/>
  <testcase name="Test1" time="0.007" classname="tryanalyzer.Test002"/>
</testsuite> <!-- tryanalyzer.Test002 -->
