<?xml version="1.0" encoding="UTF-8"?>
<!-- Generated by org.testng.reporters.JUnitReportReporter -->
<testsuite skipped="0" hostname="kmohd-lp" name="annotationDependencyandGroups.Groupings" tests="5" failures="0" timestamp="13 Dec 2018 07:40:34 GMT" time="0.012" errors="0">
  <testcase name="Car2" time="0.001" classname="annotationDependencyandGroups.Groupings"/>
  <testcase name="Sedan1" time="0.001" classname="annotationDependencyandGroups.Groupings"/>
  <testcase name="Scooter1" time="0.001" classname="annotationDependencyandGroups.Groupings"/>
  <testcase name="Car1" time="0.008" classname="annotationDependencyandGroups.Groupings"/>
  <testcase name="Scooter2" time="0.001" classname="annotationDependencyandGroups.Groupings"/>
</testsuite> <!-- annotationDependencyandGroups.Groupings -->
