<?xml version="1.0" encoding="UTF-8"?>
<!-- Generated by org.testng.reporters.JUnitReportReporter -->
<testsuite skipped="0" hostname="kmohd-lp" name="annotationDependencyandGroups.Annotations" tests="2" failures="0" timestamp="17 Jan 2019 09:27:42 GMT" time="0.007" errors="0">
  <testcase name="subtraction" time="0.002" classname="annotationDependencyandGroups.Annotations"/>
  <testcase name="addition" time="0.005" classname="annotationDependencyandGroups.Annotations"/>
</testsuite> <!-- annotationDependencyandGroups.Annotations -->
