<?xml version="1.0" encoding="UTF-8"?>
<!-- Generated by org.testng.reporters.JUnitReportReporter -->
<testsuite skipped="0" hostname="kmohd-lp" name="parameterandDataProvider.TestNgParameter" tests="1" failures="0" timestamp="13 Dec 2018 06:16:47 GMT" time="0.021" errors="0">
  <testcase name="test003" time="0.021" classname="parameterandDataProvider.TestNgParameter"/>
</testsuite> <!-- parameterandDataProvider.TestNgParameter -->
