<?xml version="1.0" encoding="UTF-8"?>
<!-- Generated by org.testng.reporters.JUnitReportReporter -->
<testsuite skipped="0" hostname="kmohd-lp" name="extentreports.Test2" tests="1" failures="0" timestamp="21 Dec 2018 06:49:06 GMT" time="0.004" errors="0">
  <testcase name="testMethod" time="0.004" classname="extentreports.Test2"/>
</testsuite> <!-- extentreports.Test2 -->
