<?xml version="1.0" encoding="UTF-8"?>
<!-- Generated by org.testng.reporters.JUnitReportReporter -->
<testsuite skipped="0" hostname="kmohd-lp" name="parameterandDataProvider.TestNgDataProvider" tests="2" failures="0" timestamp="13 Dec 2018 06:25:33 GMT" time="0.008" errors="0">
  <testcase name="Test004" time="0.007" classname="parameterandDataProvider.TestNgDataProvider"/>
  <testcase name="Test004" time="0.001" classname="parameterandDataProvider.TestNgDataProvider"/>
</testsuite> <!-- parameterandDataProvider.TestNgDataProvider -->
