<?xml version="1.0" encoding="UTF-8"?>
<!-- Generated by org.testng.reporters.JUnitReportReporter -->
<testsuite skipped="0" hostname="kmohd-lp" name="annotationDependencyandGroups.Groupings" tests="5" failures="0" timestamp="17 Jan 2019 09:29:10 GMT" time="0.020" errors="0">
  <testcase name="Scooter2" time="0.002" classname="annotationDependencyandGroups.Groupings"/>
  <testcase name="Car2" time="0.002" classname="annotationDependencyandGroups.Groupings"/>
  <testcase name="Sedan1" time="0.002" classname="annotationDependencyandGroups.Groupings"/>
  <testcase name="Car1" time="0.013" classname="annotationDependencyandGroups.Groupings"/>
  <testcase name="Scooter1" time="0.001" classname="annotationDependencyandGroups.Groupings"/>
</testsuite> <!-- annotationDependencyandGroups.Groupings -->
